2019-05-26 19:55:16,065-ClientLogger-DEBUG-Exception: content [Errno 2] No such file or directory: '.\\inJson.json'
2019-05-26 19:56:05,319-ClientLogger-DEBUG-Exception: content [Errno 2] No such file or directory: '.\\inJson.json'
2019-05-26 19:57:00,919-ClientLogger-DEBUG-Exception: content [Errno 2] No such file or directory: '.\\inJson.json'
2019-05-26 19:58:02,796-ClientLogger-DEBUG-Exception: content [Errno 2] No such file or directory: '.\\inJson.json'
2019-05-26 22:12:28,743-ClientLogger-DEBUG-Test Success: Found user caroline with age 69
2019-05-26 22:12:40,008-ClientLogger-DEBUG-Test Success: Found user david with age 72
2019-05-27 21:15:53,604-ClientLogger-DEBUG-Test Failed: More then 10, actual number:13
2019-05-27 21:17:04,226-ClientLogger-DEBUG-Test Failed: More then 10, actual number:13
2019-05-27 22:03:38,839-ClientLogger-DEBUG-Test Failed: Non of the users is 67 or above
2019-05-27 22:11:12,971-ClientLogger-DEBUG-Test Success: sorted list by SalaryOrderedDict([('benny', {'name': 'benny', 'birthday': {'day': 2, 'year': 1990, 'month': 1}, 'department': 'dev', 'salary': 5500, 'programs': [], 'adress': 'telAviv'}), ('caroline', {'name': 'caroline', 'birthday': {'day': 7, 'year': 1983, 'month': 12}, 'department': 'qa', 'salary': 10000, 'programs': ['excel'], 'adress': 'motzkin'}), ('adi', {'name': 'adi', 'birthday': {'day': 21, 'year': 1980, 'month': 8}, 'department': 'qa', 'salary': 15000, 'programs': ['python', 'snake'], 'adress': 'Haifa'})])
2019-05-29 21:02:39,833-ClientLogger-DEBUG-Test Failed: More then 10, actual number:11
2019-05-29 21:02:46,826-ClientLogger-DEBUG-Test Failed: Found user tony with salary of 39999.6
2019-05-29 21:02:46,947-ClientLogger-DEBUG-Test Success: Found user Aria with age 69
2019-05-29 21:02:46,948-ClientLogger-DEBUG-Test Success: Found user jon with age 72
2019-05-29 21:02:46,948-ClientLogger-DEBUG-Test Failed: Non of the users is 67 or above
2019-05-29 21:02:47,008-ClientLogger-DEBUG-Test Fail: Wasnt able to remove user ilan user not found
2019-05-29 21:02:47,047-ClientLogger-DEBUG-Test Success: User Melisandre found and wasn't added server responded with 400
2019-05-29 21:02:47,066-ClientLogger-DEBUG-Test Success: sorted list by SalaryOrderedDict([('jon', {'name': 'jon', 'birthday': {'day': 1, 'year': 1947, 'month': 8}, 'department': 'qa', 'salary': 6000.0, 'programs': ['python', 'snake'], 'adress': 'Haifa'}), ('benny', {'name': 'benny', 'birthday': {'day': 2, 'year': 1990, 'month': 1}, 'department': 'dev', 'salary': 6600.0, 'programs': [], 'adress': 'telAviv'}), ('caroline', {'name': 'caroline', 'birthday': {'day': 7, 'year': 1983, 'month': 12}, 'department': 'qa', 'salary': 12000.0, 'programs': ['excel'], 'adress': 'motzkin'}), ('Aria', {'name': 'Aria', 'birthday': {'day': 7, 'year': 1950, 'month': 12}, 'department': 'dev', 'salary': 12000.0, 'programs': ['excel'], 'adress': 'motzkin'}), ('Tyrion', {'name': 'Tyrion', 'birthday': {'day': 4, 'year': 1971, 'month': 6}, 'department': 'qa', 'salary': 15999.6, 'programs': ['snake', 'pascal'], 'adress': 'Jerusalem'}), ('adi', {'name': 'adi', 'birthday': {'day': 21, 'year': 1980, 'month': 8}, 'department': 'qa', 'salary': 18000.0, 'programs': ['python', 'snake'], 'adress': 'Haifa'}), ('Blabla', {'name': 'Blabla', 'birthday': {'day': 1, 'year': 1980, 'month': 3}, 'department': 'dev', 'salary': 26666.4, 'programs': ['c++'], 'adress': 'Tel-Aviv'}), ('Melisandre', {'name': 'Melisandre', 'birthday': {'day': 1, 'year': 1970, 'month': 1}, 'department': 'qa', 'salary': 27999.6, 'programs': ['snake', 'pascal'], 'adress': 'Haifa'}), ('tony', {'name': 'tony', 'birthday': {'day': 8, 'year': 1999, 'month': 2}, 'department': 'QA', 'salary': 39999.6, 'programs': [], 'adress': 'Tel-Aviv'}), ('Yossi', {'name': 'Yossi', 'birthday': {'day': 12, 'year': 1999, 'month': 2}, 'department': 'qa', 'salary': 266667999.6, 'programs': ['python', 'snake', 'pascal'], 'adress': 'Haifa'}), ('bran', {'name': 'bran', 'birthday': {'day': 14, 'year': 1973, 'month': 6}, 'department': 'qa', 'salary': 266667999.6, 'programs': ['python', 'snake', 'pascal'], 'adress': 'Haifa'})])
2019-05-29 21:04:14,875-ClientLogger-DEBUG-Test Failed: More then 10, actual number:11
2019-05-29 21:04:15,669-ClientLogger-DEBUG-Test Failed: Found user tony with salary of 47998.8
2019-05-29 21:04:15,751-ClientLogger-DEBUG-Test Success: Found user Aria with age 69
2019-05-29 21:04:15,752-ClientLogger-DEBUG-Test Success: Found user jon with age 72
2019-05-29 21:04:15,752-ClientLogger-DEBUG-Test Failed: Non of the users is 67 or above
2019-05-29 21:04:15,895-ClientLogger-DEBUG-Test Fail: Wasnt able to remove user ilan user not found
2019-05-29 21:04:15,998-ClientLogger-DEBUG-Test Success: User Melisandre found and wasn't added server responded with 400
2019-05-29 21:04:16,060-ClientLogger-DEBUG-Test Success: sorted list by SalaryOrderedDict([('jon', {'name': 'jon', 'birthday': {'day': 1, 'year': 1947, 'month': 8}, 'department': 'qa', 'salary': 7200.0, 'programs': ['python', 'snake'], 'adress': 'Haifa'}), ('benny', {'name': 'benny', 'birthday': {'day': 2, 'year': 1990, 'month': 1}, 'department': 'dev', 'salary': 7920.0, 'programs': [], 'adress': 'telAviv'}), ('caroline', {'name': 'caroline', 'birthday': {'day': 7, 'year': 1983, 'month': 12}, 'department': 'qa', 'salary': 14400.0, 'programs': ['excel'], 'adress': 'motzkin'}), ('Aria', {'name': 'Aria', 'birthday': {'day': 7, 'year': 1950, 'month': 12}, 'department': 'dev', 'salary': 14400.0, 'programs': ['excel'], 'adress': 'motzkin'}), ('Tyrion', {'name': 'Tyrion', 'birthday': {'day': 4, 'year': 1971, 'month': 6}, 'department': 'qa', 'salary': 19198.8, 'programs': ['snake', 'pascal'], 'adress': 'Jerusalem'}), ('adi', {'name': 'adi', 'birthday': {'day': 21, 'year': 1980, 'month': 8}, 'department': 'qa', 'salary': 21600.0, 'programs': ['python', 'snake'], 'adress': 'Haifa'}), ('Blabla', {'name': 'Blabla', 'birthday': {'day': 1, 'year': 1980, 'month': 3}, 'department': 'dev', 'salary': 31999.2, 'programs': ['c++'], 'adress': 'Tel-Aviv'}), ('Melisandre', {'name': 'Melisandre', 'birthday': {'day': 1, 'year': 1970, 'month': 1}, 'department': 'qa', 'salary': 33598.8, 'programs': ['snake', 'pascal'], 'adress': 'Haifa'}), ('tony', {'name': 'tony', 'birthday': {'day': 8, 'year': 1999, 'month': 2}, 'department': 'QA', 'salary': 47998.8, 'programs': [], 'adress': 'Tel-Aviv'}), ('Yossi', {'name': 'Yossi', 'birthday': {'day': 12, 'year': 1999, 'month': 2}, 'department': 'qa', 'salary': 320001598.8, 'programs': ['python', 'snake', 'pascal'], 'adress': 'Haifa'}), ('bran', {'name': 'bran', 'birthday': {'day': 14, 'year': 1973, 'month': 6}, 'department': 'qa', 'salary': 320001598.8, 'programs': ['python', 'snake', 'pascal'], 'adress': 'Haifa'})])
2019-05-29 21:06:40,223-ClientLogger-DEBUG-Test Failed: More then 10, actual number:11
2019-05-29 21:06:40,285-ClientLogger-DEBUG-Test Failed: More then 10, actual number:11
2019-05-29 21:06:40,361-ClientLogger-DEBUG-Test Failed: More then 10, actual number:11
2019-05-29 21:06:40,423-ClientLogger-DEBUG-Test Failed: More then 10, actual number:11
2019-05-29 21:06:40,485-ClientLogger-DEBUG-Test Failed: More then 10, actual number:11
2019-05-29 21:06:40,544-ClientLogger-DEBUG-Test Failed: More then 10, actual number:11
2019-05-29 21:06:40,603-ClientLogger-DEBUG-Test Failed: More then 10, actual number:11
2019-05-29 21:06:40,668-ClientLogger-DEBUG-Test Failed: More then 10, actual number:11
2019-05-29 21:06:41,310-ClientLogger-DEBUG-Test Failed: Found user Blabla with salary of 38398.8
2019-05-29 21:06:41,531-ClientLogger-DEBUG-Test Success: Found user Aria with age 69
2019-05-29 21:06:41,532-ClientLogger-DEBUG-Test Success: Found user jon with age 72
2019-05-29 21:06:41,532-ClientLogger-DEBUG-Test Failed: Non of the users is 67 or above
2019-05-29 21:06:41,669-ClientLogger-DEBUG-Test Fail: Wasnt able to remove user ilan user not found
2019-05-29 21:06:41,772-ClientLogger-DEBUG-Test Success: User Melisandre found and wasn't added server responded with 400
2019-05-29 21:06:41,820-ClientLogger-DEBUG-Test Success: sorted list by SalaryOrderedDict([('jon', {'name': 'jon', 'birthday': {'day': 1, 'year': 1947, 'month': 8}, 'department': 'qa', 'salary': 8640.0, 'programs': ['python', 'snake'], 'adress': 'Haifa'}), ('benny', {'name': 'benny', 'birthday': {'day': 2, 'year': 1990, 'month': 1}, 'department': 'dev', 'salary': 9504.0, 'programs': [], 'adress': 'telAviv'}), ('caroline', {'name': 'caroline', 'birthday': {'day': 7, 'year': 1983, 'month': 12}, 'department': 'qa', 'salary': 17280.0, 'programs': ['excel'], 'adress': 'motzkin'}), ('Aria', {'name': 'Aria', 'birthday': {'day': 7, 'year': 1950, 'month': 12}, 'department': 'dev', 'salary': 17280.0, 'programs': ['excel'], 'adress': 'motzkin'}), ('Tyrion', {'name': 'Tyrion', 'birthday': {'day': 4, 'year': 1971, 'month': 6}, 'department': 'qa', 'salary': 23037.6, 'programs': ['snake', 'pascal'], 'adress': 'Jerusalem'}), ('adi', {'name': 'adi', 'birthday': {'day': 21, 'year': 1980, 'month': 8}, 'department': 'qa', 'salary': 25920.0, 'programs': ['python', 'snake'], 'adress': 'Haifa'}), ('Blabla', {'name': 'Blabla', 'birthday': {'day': 1, 'year': 1980, 'month': 3}, 'department': 'dev', 'salary': 38398.8, 'programs': ['c++'], 'adress': 'Tel-Aviv'}), ('Melisandre', {'name': 'Melisandre', 'birthday': {'day': 1, 'year': 1970, 'month': 1}, 'department': 'qa', 'salary': 40317.6, 'programs': ['snake', 'pascal'], 'adress': 'Haifa'}), ('tony', {'name': 'tony', 'birthday': {'day': 8, 'year': 1999, 'month': 2}, 'department': 'QA', 'salary': 57597.6, 'programs': [], 'adress': 'Tel-Aviv'}), ('Yossi', {'name': 'Yossi', 'birthday': {'day': 12, 'year': 1999, 'month': 2}, 'department': 'qa', 'salary': 384001917.6, 'programs': ['python', 'snake', 'pascal'], 'adress': 'Haifa'}), ('bran', {'name': 'bran', 'birthday': {'day': 14, 'year': 1973, 'month': 6}, 'department': 'qa', 'salary': 384001917.6, 'programs': ['python', 'snake', 'pascal'], 'adress': 'Haifa'})])
2019-05-29 21:07:01,739-ClientLogger-DEBUG-Test Failed: More then 10, actual number:11
2019-05-29 21:07:01,766-ClientLogger-DEBUG-Test Failed: More then 10, actual number:11
2019-05-29 21:07:01,784-ClientLogger-DEBUG-Test Failed: More then 10, actual number:11
2019-05-29 21:07:01,802-ClientLogger-DEBUG-Test Failed: More then 10, actual number:11
2019-05-29 21:07:01,819-ClientLogger-DEBUG-Test Failed: More then 10, actual number:11
2019-05-29 21:07:01,836-ClientLogger-DEBUG-Test Failed: More then 10, actual number:11
2019-05-29 21:07:01,852-ClientLogger-DEBUG-Test Failed: More then 10, actual number:11
2019-05-29 21:07:01,869-ClientLogger-DEBUG-Test Failed: More then 10, actual number:11
2019-05-29 21:07:02,453-ClientLogger-DEBUG-Test Failed: Found user Blabla with salary of 46077.6
2019-05-29 21:07:02,454-ClientLogger-DEBUG-Test Failed: Found user tony with salary of 69116.4
2019-05-29 21:07:02,454-ClientLogger-DEBUG-Test Failed: Found user Yossi with salary of 460802300.4
2019-05-29 21:07:02,454-ClientLogger-DEBUG-Test Failed: Found user bran with salary of 460802300.4
2019-05-29 21:07:02,455-ClientLogger-DEBUG-Test Failed: Found user Melisandre with salary of 48380.4
2019-05-29 21:07:02,506-ClientLogger-DEBUG-Test Success: Found user Aria with age 69
2019-05-29 21:07:02,507-ClientLogger-DEBUG-Test Success: Found user jon with age 72
2019-05-29 21:07:02,507-ClientLogger-DEBUG-Test Failed: Non of the users is 67 or above
2019-05-29 21:07:02,837-ClientLogger-DEBUG-Test Fail: Wasnt able to remove user ilan user not found
2019-05-29 21:07:02,966-ClientLogger-DEBUG-Test Success: User Melisandre found and wasn't added server responded with 400
2019-05-29 21:07:02,988-ClientLogger-DEBUG-Test Success: sorted list by SalaryOrderedDict([('jon', {'name': 'jon', 'birthday': {'day': 1, 'year': 1947, 'month': 8}, 'department': 'qa', 'salary': 10368.0, 'programs': ['python', 'snake'], 'adress': 'Haifa'}), ('benny', {'name': 'benny', 'birthday': {'day': 2, 'year': 1990, 'month': 1}, 'department': 'dev', 'salary': 11404.8, 'programs': [], 'adress': 'telAviv'}), ('caroline', {'name': 'caroline', 'birthday': {'day': 7, 'year': 1983, 'month': 12}, 'department': 'qa', 'salary': 20736.0, 'programs': ['excel'], 'adress': 'motzkin'}), ('Aria', {'name': 'Aria', 'birthday': {'day': 7, 'year': 1950, 'month': 12}, 'department': 'dev', 'salary': 20736.0, 'programs': ['excel'], 'adress': 'motzkin'}), ('Tyrion', {'name': 'Tyrion', 'birthday': {'day': 4, 'year': 1971, 'month': 6}, 'department': 'qa', 'salary': 27644.4, 'programs': ['snake', 'pascal'], 'adress': 'Jerusalem'}), ('adi', {'name': 'adi', 'birthday': {'day': 21, 'year': 1980, 'month': 8}, 'department': 'qa', 'salary': 31104.0, 'programs': ['python', 'snake'], 'adress': 'Haifa'}), ('Blabla', {'name': 'Blabla', 'birthday': {'day': 1, 'year': 1980, 'month': 3}, 'department': 'dev', 'salary': 46077.6, 'programs': ['c++'], 'adress': 'Tel-Aviv'}), ('Melisandre', {'name': 'Melisandre', 'birthday': {'day': 1, 'year': 1970, 'month': 1}, 'department': 'qa', 'salary': 48380.4, 'programs': ['snake', 'pascal'], 'adress': 'Haifa'}), ('tony', {'name': 'tony', 'birthday': {'day': 8, 'year': 1999, 'month': 2}, 'department': 'QA', 'salary': 69116.4, 'programs': [], 'adress': 'Tel-Aviv'}), ('Yossi', {'name': 'Yossi', 'birthday': {'day': 12, 'year': 1999, 'month': 2}, 'department': 'qa', 'salary': 460802300.4, 'programs': ['python', 'snake', 'pascal'], 'adress': 'Haifa'}), ('bran', {'name': 'bran', 'birthday': {'day': 14, 'year': 1973, 'month': 6}, 'department': 'qa', 'salary': 460802300.4, 'programs': ['python', 'snake', 'pascal'], 'adress': 'Haifa'})])
2019-05-29 21:07:16,452-ClientLogger-DEBUG-Test Failed: More then 10, actual number:11
2019-05-29 21:07:16,728-ClientLogger-DEBUG-Test Failed: Found user adi with salary of 37324.8
2019-05-29 21:07:16,747-ClientLogger-DEBUG-Test Success: Found user Aria with age 69
2019-05-29 21:07:16,748-ClientLogger-DEBUG-Test Success: Found user jon with age 72
2019-05-29 21:07:16,748-ClientLogger-DEBUG-Test Failed: Non of the users is 67 or above
2019-05-29 21:07:16,784-ClientLogger-DEBUG-Test Fail: Wasnt able to remove user ilan user not found
2019-05-29 21:07:16,815-ClientLogger-DEBUG-Test Success: User Melisandre found and wasn't added server responded with 400
2019-05-29 21:07:16,830-ClientLogger-DEBUG-Test Success: sorted list by SalaryOrderedDict([('jon', {'name': 'jon', 'birthday': {'day': 1, 'year': 1947, 'month': 8}, 'department': 'qa', 'salary': 12441.6, 'programs': ['python', 'snake'], 'adress': 'Haifa'}), ('benny', {'name': 'benny', 'birthday': {'day': 2, 'year': 1990, 'month': 1}, 'department': 'dev', 'salary': 13684.8, 'programs': [], 'adress': 'telAviv'}), ('caroline', {'name': 'caroline', 'birthday': {'day': 7, 'year': 1983, 'month': 12}, 'department': 'qa', 'salary': 24883.2, 'programs': ['excel'], 'adress': 'motzkin'}), ('Aria', {'name': 'Aria', 'birthday': {'day': 7, 'year': 1950, 'month': 12}, 'department': 'dev', 'salary': 24883.2, 'programs': ['excel'], 'adress': 'motzkin'}), ('Tyrion', {'name': 'Tyrion', 'birthday': {'day': 4, 'year': 1971, 'month': 6}, 'department': 'qa', 'salary': 33172.8, 'programs': ['snake', 'pascal'], 'adress': 'Jerusalem'}), ('adi', {'name': 'adi', 'birthday': {'day': 21, 'year': 1980, 'month': 8}, 'department': 'qa', 'salary': 37324.8, 'programs': ['python', 'snake'], 'adress': 'Haifa'}), ('Blabla', {'name': 'Blabla', 'birthday': {'day': 1, 'year': 1980, 'month': 3}, 'department': 'dev', 'salary': 55292.4, 'programs': ['c++'], 'adress': 'Tel-Aviv'}), ('Melisandre', {'name': 'Melisandre', 'birthday': {'day': 1, 'year': 1970, 'month': 1}, 'department': 'qa', 'salary': 58056.0, 'programs': ['snake', 'pascal'], 'adress': 'Haifa'}), ('tony', {'name': 'tony', 'birthday': {'day': 8, 'year': 1999, 'month': 2}, 'department': 'QA', 'salary': 82939.2, 'programs': [], 'adress': 'Tel-Aviv'}), ('Yossi', {'name': 'Yossi', 'birthday': {'day': 12, 'year': 1999, 'month': 2}, 'department': 'qa', 'salary': 552962760.0, 'programs': ['python', 'snake', 'pascal'], 'adress': 'Haifa'}), ('bran', {'name': 'bran', 'birthday': {'day': 14, 'year': 1973, 'month': 6}, 'department': 'qa', 'salary': 552962760.0, 'programs': ['python', 'snake', 'pascal'], 'adress': 'Haifa'})])
2019-05-29 21:08:12,302-ClientLogger-DEBUG-Test Failed: More then 10, actual number:11
2019-05-29 21:08:13,444-ClientLogger-DEBUG-Test Failed: Found user adi with salary of 44788.8
2019-05-29 21:08:13,530-ClientLogger-DEBUG-Test Success: Found user Aria with age 69
2019-05-29 21:08:13,530-ClientLogger-DEBUG-Test Success: Found user jon with age 72
2019-05-29 21:08:13,531-ClientLogger-DEBUG-Test Failed: Non of the users is 67 or above
2019-05-29 21:08:13,687-ClientLogger-DEBUG-Test Fail: Wasnt able to remove user ilan user not found
2019-05-29 21:08:13,791-ClientLogger-DEBUG-Test Success: User Melisandre found and wasn't added server responded with 400
2019-05-29 21:08:13,840-ClientLogger-DEBUG-Test Success: sorted list by SalaryOrderedDict([('jon', {'name': 'jon', 'birthday': {'day': 1, 'year': 1947, 'month': 8}, 'department': 'qa', 'salary': 14929.2, 'programs': ['python', 'snake'], 'adress': 'Haifa'}), ('benny', {'name': 'benny', 'birthday': {'day': 2, 'year': 1990, 'month': 1}, 'department': 'dev', 'salary': 16420.8, 'programs': [], 'adress': 'telAviv'}), ('caroline', {'name': 'caroline', 'birthday': {'day': 7, 'year': 1983, 'month': 12}, 'department': 'qa', 'salary': 29859.6, 'programs': ['excel'], 'adress': 'motzkin'}), ('Aria', {'name': 'Aria', 'birthday': {'day': 7, 'year': 1950, 'month': 12}, 'department': 'dev', 'salary': 29859.6, 'programs': ['excel'], 'adress': 'motzkin'}), ('Tyrion', {'name': 'Tyrion', 'birthday': {'day': 4, 'year': 1971, 'month': 6}, 'department': 'qa', 'salary': 39806.4, 'programs': ['snake', 'pascal'], 'adress': 'Jerusalem'}), ('adi', {'name': 'adi', 'birthday': {'day': 21, 'year': 1980, 'month': 8}, 'department': 'qa', 'salary': 44788.8, 'programs': ['python', 'snake'], 'adress': 'Haifa'}), ('Blabla', {'name': 'Blabla', 'birthday': {'day': 1, 'year': 1980, 'month': 3}, 'department': 'dev', 'salary': 66350.4, 'programs': ['c++'], 'adress': 'Tel-Aviv'}), ('Melisandre', {'name': 'Melisandre', 'birthday': {'day': 1, 'year': 1970, 'month': 1}, 'department': 'qa', 'salary': 69667.2, 'programs': ['snake', 'pascal'], 'adress': 'Haifa'}), ('tony', {'name': 'tony', 'birthday': {'day': 8, 'year': 1999, 'month': 2}, 'department': 'QA', 'salary': 99526.8, 'programs': [], 'adress': 'Tel-Aviv'}), ('Yossi', {'name': 'Yossi', 'birthday': {'day': 12, 'year': 1999, 'month': 2}, 'department': 'qa', 'salary': 663555312.0, 'programs': ['python', 'snake', 'pascal'], 'adress': 'Haifa'}), ('bran', {'name': 'bran', 'birthday': {'day': 14, 'year': 1973, 'month': 6}, 'department': 'qa', 'salary': 663555312.0, 'programs': ['python', 'snake', 'pascal'], 'adress': 'Haifa'})])
2019-05-29 21:16:45,783-ClientLogger-DEBUG-Test Failed: More then 10, actual number:11
2019-05-29 21:16:46,367-ClientLogger-DEBUG-Test Failed: Found user adi with salary of 53745.6
2019-05-29 21:16:46,503-ClientLogger-DEBUG-Test Success: Found user Aria with age 69
2019-05-29 21:16:46,503-ClientLogger-DEBUG-Test Success: Found user jon with age 72
2019-05-29 21:16:46,504-ClientLogger-DEBUG-Test Failed: Non of the users is 67 or above
2019-05-29 21:16:46,582-ClientLogger-DEBUG-Test Fail: Wasnt able to remove user ilan user not found
2019-05-29 21:16:46,618-ClientLogger-DEBUG-Test Success: User Melisandre found and wasn't added server responded with 400
2019-05-29 21:16:46,632-ClientLogger-DEBUG-Test Success: sorted list by SalaryOrderedDict([('jon', {'name': 'jon', 'birthday': {'day': 1, 'year': 1947, 'month': 8}, 'department': 'qa', 'salary': 17914.8, 'programs': ['python', 'snake'], 'adress': 'Haifa'}), ('benny', {'name': 'benny', 'birthday': {'day': 2, 'year': 1990, 'month': 1}, 'department': 'dev', 'salary': 19704.0, 'programs': [], 'adress': 'telAviv'}), ('caroline', {'name': 'caroline', 'birthday': {'day': 7, 'year': 1983, 'month': 12}, 'department': 'qa', 'salary': 35830.8, 'programs': ['excel'], 'adress': 'motzkin'}), ('Aria', {'name': 'Aria', 'birthday': {'day': 7, 'year': 1950, 'month': 12}, 'department': 'dev', 'salary': 35830.8, 'programs': ['excel'], 'adress': 'motzkin'}), ('Tyrion', {'name': 'Tyrion', 'birthday': {'day': 4, 'year': 1971, 'month': 6}, 'department': 'qa', 'salary': 47767.2, 'programs': ['snake', 'pascal'], 'adress': 'Jerusalem'}), ('adi', {'name': 'adi', 'birthday': {'day': 21, 'year': 1980, 'month': 8}, 'department': 'qa', 'salary': 53745.6, 'programs': ['python', 'snake'], 'adress': 'Haifa'}), ('Blabla', {'name': 'Blabla', 'birthday': {'day': 1, 'year': 1980, 'month': 3}, 'department': 'dev', 'salary': 79620.0, 'programs': ['c++'], 'adress': 'Tel-Aviv'}), ('Melisandre', {'name': 'Melisandre', 'birthday': {'day': 1, 'year': 1970, 'month': 1}, 'department': 'qa', 'salary': 83600.4, 'programs': ['snake', 'pascal'], 'adress': 'Haifa'}), ('tony', {'name': 'tony', 'birthday': {'day': 8, 'year': 1999, 'month': 2}, 'department': 'QA', 'salary': 119431.2, 'programs': [], 'adress': 'Tel-Aviv'}), ('Yossi', {'name': 'Yossi', 'birthday': {'day': 12, 'year': 1999, 'month': 2}, 'department': 'qa', 'salary': 796266374.4, 'programs': ['python', 'snake', 'pascal'], 'adress': 'Haifa'}), ('bran', {'name': 'bran', 'birthday': {'day': 14, 'year': 1973, 'month': 6}, 'department': 'qa', 'salary': 796266374.4, 'programs': ['python', 'snake', 'pascal'], 'adress': 'Haifa'})])
